============================= test session starts =============================
platform win32 -- Python 3.13.13, pytest-9.0.3, pluggy-1.6.0
rootdir: C:\Users\user\Desktop\theoria\.worktrees\a9-readonly-baseline\ablation-arm
configfile: pytest.ini
plugins: anyio-4.13.0, hypothesis-6.155.7, asyncio-1.3.0, cov-7.1.0, timeout-2.4.0, typeguard-4.5.2
asyncio: mode=Mode.STRICT, debug=False, asyncio_default_fixture_loop_scope=None, asyncio_default_test_loop_scope=function
collected 14 items

tests\test_readonly.py ..............                                    [100%]

============================= 14 passed in 14.45s =============================
EXIT=0
