============================= test session starts =============================
platform win32 -- Python 3.13.13, pytest-9.0.3, pluggy-1.6.0
rootdir: C:\Users\user\Desktop\theoria\.worktrees\e14-crash-is-not-a-finding\theoria-arm
configfile: pytest.ini
testpaths: tests
plugins: anyio-4.13.0, hypothesis-6.155.7, asyncio-1.3.0, cov-7.1.0, timeout-2.4.0, typeguard-4.5.2
asyncio: mode=Mode.STRICT, debug=False, asyncio_default_fixture_loop_scope=None, asyncio_default_test_loop_scope=function
collected 56 items / 51 deselected / 5 selected

tests\test_arm.py .....                                                  [100%]

====================== 5 passed, 51 deselected in 0.33s =======================
